<<<<<<< HEAD
<?xml version="1.0" encoding="UTF-8"?>
<!-- Generated by org.testng.reporters.JUnitReportReporter -->
<testsuite hostname="TYSS-Basavaraj" failures="0" tests="6" name="com.comcast.crm.orgtest.CreateOrgTest" time="75.824" errors="0" timestamp="2025-01-03T17:22:28 IST" skipped="0">
  <testcase classname="com.comcast.crm.orgtest.CreateOrgTest" name="createOrgWithIndustryAndType" time="12.745"/>
  <system-out>
    <![CDATA[Successfully Created FF_3409 Organization with Energy industry and Press type]]>
  </system-out>
  <testcase classname="com.comcast.crm.orgtest.CreateOrgTest" name="createOrg" time="12.061"/>
  <system-out>
    <![CDATA[Successfully Created FF_2163 Organization]]>
  </system-out>
  <testcase classname="com.comcast.crm.orgtest.CreateOrgTest" name="createOrgWithPhoneNumber" time="11.821"/>
  <system-out>
    <![CDATA[Successfully Created FF_3362 Organization with 9008877665 Phone Number ]]>
  </system-out>
  <testcase classname="com.comcast.crm.orgtest.CreateOrgTest" name="createOrgWithPhoneNumber" time="12.533"/>
  <system-out>
    <![CDATA[Successfully Created FF_664 Organization with 9008877665 Phone Number ]]>
  </system-out>
  <testcase classname="com.comcast.crm.orgtest.CreateOrgTest" name="createOrg" time="13.286"/>
  <system-out>
    <![CDATA[Successfully Created FF_849 Organization]]>
  </system-out>
  <testcase classname="com.comcast.crm.orgtest.CreateOrgTest" name="createOrgWithIndustryAndType" time="13.378"/>
  <system-out>
    <![CDATA[Successfully Created FF_1258 Organization with Energy industry and Press type]]>
  </system-out>
</testsuite> <!-- com.comcast.crm.orgtest.CreateOrgTest -->
=======
<?xml version="1.0" encoding="UTF-8"?>
<!-- Generated by org.testng.reporters.JUnitReportReporter -->
<testsuite hostname="TYSS-Basavaraj" failures="1" tests="1" name="com.comcast.crm.orgtest.CreateOrgTest" time="21.607" errors="0" timestamp="2024-05-27T16:02:32 IST" skipped="0">
  <testcase classname="com.comcast.crm.orgtest.CreateOrgTest" name="createOrg" time="21.607">
    <failure message="expected [FF] but found [FF_3204]" type="java.lang.AssertionError">
      <![CDATA[java.lang.AssertionError: expected [FF] but found [FF_3204]
at org.testng.Assert.fail(Assert.java:111)
at org.testng.Assert.failNotEquals(Assert.java:1578)
at org.testng.Assert.assertEqualsImpl(Assert.java:150)
at org.testng.Assert.assertEquals(Assert.java:132)
at org.testng.Assert.assertEquals(Assert.java:656)
at org.testng.Assert.assertEquals(Assert.java:666)
at com.comcast.crm.orgtest.CreateOrgTest.createOrg(CreateOrgTest.java:46)
at java.base/jdk.internal.reflect.NativeMethodAccessorImpl.invoke0(Native Method)
at java.base/jdk.internal.reflect.NativeMethodAccessorImpl.invoke(NativeMethodAccessorImpl.java:77)
at java.base/jdk.internal.reflect.DelegatingMethodAccessorImpl.invoke(DelegatingMethodAccessorImpl.java:43)
at java.base/java.lang.reflect.Method.invoke(Method.java:568)
at org.testng.internal.invokers.MethodInvocationHelper.invokeMethod(MethodInvocationHelper.java:139)
at org.testng.internal.invokers.TestInvoker.invokeMethod(TestInvoker.java:664)
at org.testng.internal.invokers.TestInvoker.invokeTestMethod(TestInvoker.java:228)
at org.testng.internal.invokers.MethodRunner.runInSequence(MethodRunner.java:63)
at org.testng.internal.invokers.TestInvoker$MethodInvocationAgent.invoke(TestInvoker.java:961)
at org.testng.internal.invokers.TestInvoker.invokeTestMethods(TestInvoker.java:201)
at org.testng.internal.invokers.TestMethodWorker.invokeTestMethods(TestMethodWorker.java:148)
at org.testng.internal.invokers.TestMethodWorker.run(TestMethodWorker.java:128)
at java.base/java.util.ArrayList.forEach(ArrayList.java:1511)
at org.testng.TestRunner.privateRun(TestRunner.java:819)
at org.testng.TestRunner.run(TestRunner.java:619)
at org.testng.SuiteRunner.runTest(SuiteRunner.java:443)
at org.testng.SuiteRunner.runSequentially(SuiteRunner.java:437)
at org.testng.SuiteRunner.privateRun(SuiteRunner.java:397)
at org.testng.SuiteRunner.run(SuiteRunner.java:336)
at org.testng.SuiteRunnerWorker.runSuite(SuiteRunnerWorker.java:52)
at org.testng.SuiteRunnerWorker.run(SuiteRunnerWorker.java:95)
at org.testng.TestNG.runSuitesSequentially(TestNG.java:1301)
at org.testng.TestNG.runSuitesLocally(TestNG.java:1228)
at org.testng.TestNG.runSuites(TestNG.java:1134)
at org.testng.TestNG.run(TestNG.java:1101)
at org.testng.remote.AbstractRemoteTestNG.run(AbstractRemoteTestNG.java:115)
at org.testng.remote.RemoteTestNG.initAndRun(RemoteTestNG.java:251)
at org.testng.remote.RemoteTestNG.main(RemoteTestNG.java:77)
]]>
    </failure>
  </testcase> <!-- createOrg -->
  <system-out>
    <![CDATA[Connect to DB
Launch Browser
Login to App
Logout from app
Close Browser
Launch Browser
Login to App
Logout from app
Close Browser
Close DB connection]]>
  </system-out>
</testsuite> <!-- com.comcast.crm.orgtest.CreateOrgTest -->
>>>>>>> branch 'master' of https://github.com/Basavaraj-A-Patil/ComcastFrameworkRepository
