<?xml version="1.0" encoding="UTF-8"?>
<testng-results ignored="0" total="2" passed="1" failed="1" skipped="0">
  <reporter-output>
    <line>
      <![CDATA[Connect to DB]]>
    </line>
    <line>
      <![CDATA[Launch Browser]]>
    </line>
    <line>
      <![CDATA[Launch Browser]]>
    </line>
    <line>
      <![CDATA[Login to App]]>
    </line>
    <line>
      <![CDATA[Login to App]]>
    </line>
    <line>
      <![CDATA[Logout from app]]>
    </line>
    <line>
      <![CDATA[Logout from app]]>
    </line>
    <line>
      <![CDATA[Close Browser]]>
    </line>
    <line>
      <![CDATA[Close Browser]]>
    </line>
    <line>
      <![CDATA[Close DB connection]]>
    </line>
  </reporter-output>
  <suite started-at="2024-05-23T09:54:55 IST" name="Suite" finished-at="2024-05-23T09:55:29 IST" duration-ms="33949">
    <groups>
      <group name="smokeTest">
        <method signature="CreateContactTest.createContact()[pri:0, instance:com.comcast.crm.contacttest.CreateContactTest@235ecd9f]" name="createContact" class="com.comcast.crm.contacttest.CreateContactTest"/>
        <method signature="CreateOrgTest.createOrg()[pri:0, instance:com.comcast.crm.orgtest.CreateOrgTest@7c137fd5]" name="createOrg" class="com.comcast.crm.orgtest.CreateOrgTest"/>
      </group> <!-- smokeTest -->
    </groups>
    <test started-at="2024-05-23T09:54:55 IST" name="TestRunner --&gt; 1" finished-at="2024-05-23T09:55:28 IST" duration-ms="32904">
      <class name="com.comcast.crm.contacttest.CreateContactTest">
        <test-method is-config="true" signature="configBC()[pri:0, instance:com.comcast.crm.contacttest.CreateContactTest@235ecd9f]" started-at="2024-05-23T09:54:56 IST" name="configBC" finished-at="2024-05-23T09:54:59 IST" duration-ms="3459" status="PASS">
          <reporter-output>
            <line>
              <![CDATA[Launch Browser]]>
            </line>
          </reporter-output>
        </test-method> <!-- configBC -->
        <test-method is-config="true" signature="configBM()[pri:0, instance:com.comcast.crm.contacttest.CreateContactTest@235ecd9f]" started-at="2024-05-23T09:54:59 IST" name="configBM" finished-at="2024-05-23T09:55:06 IST" duration-ms="6433" status="PASS">
          <reporter-output>
            <line>
              <![CDATA[Login to App]]>
            </line>
          </reporter-output>
        </test-method> <!-- configBM -->
        <test-method signature="createContact()[pri:0, instance:com.comcast.crm.contacttest.CreateContactTest@235ecd9f]" started-at="2024-05-23T09:55:06 IST" name="createContact" finished-at="2024-05-23T09:55:25 IST" duration-ms="19679" status="PASS">
          <reporter-output>
          </reporter-output>
        </test-method> <!-- createContact -->
        <test-method is-config="true" signature="configAM()[pri:0, instance:com.comcast.crm.contacttest.CreateContactTest@235ecd9f]" started-at="2024-05-23T09:55:25 IST" name="configAM" finished-at="2024-05-23T09:55:28 IST" duration-ms="2553" status="PASS">
          <reporter-output>
            <line>
              <![CDATA[Logout from app]]>
            </line>
          </reporter-output>
        </test-method> <!-- configAM -->
        <test-method is-config="true" signature="configAC()[pri:0, instance:com.comcast.crm.contacttest.CreateContactTest@235ecd9f]" started-at="2024-05-23T09:55:28 IST" name="configAC" finished-at="2024-05-23T09:55:28 IST" duration-ms="310" status="PASS">
          <reporter-output>
            <line>
              <![CDATA[Close Browser]]>
            </line>
          </reporter-output>
        </test-method> <!-- configAC -->
      </class> <!-- com.comcast.crm.contacttest.CreateContactTest -->
    </test> <!-- TestRunner -> 1 -->
    <test started-at="2024-05-23T09:54:55 IST" name="TestRunner --&gt; 2" finished-at="2024-05-23T09:55:29 IST" duration-ms="33949">
      <class name="com.comcast.crm.orgtest.CreateOrgTest">
        <test-method is-config="true" signature="configBS()[pri:0, instance:com.comcast.crm.orgtest.CreateOrgTest@7c137fd5]" started-at="2024-05-23T09:54:55 IST" name="configBS" finished-at="2024-05-23T09:54:55 IST" duration-ms="359" status="PASS">
          <reporter-output>
            <line>
              <![CDATA[Connect to DB]]>
            </line>
          </reporter-output>
        </test-method> <!-- configBS -->
        <test-method is-config="true" signature="configBC()[pri:0, instance:com.comcast.crm.orgtest.CreateOrgTest@7c137fd5]" started-at="2024-05-23T09:54:56 IST" name="configBC" finished-at="2024-05-23T09:54:59 IST" duration-ms="3459" status="PASS">
          <reporter-output>
            <line>
              <![CDATA[Launch Browser]]>
            </line>
          </reporter-output>
        </test-method> <!-- configBC -->
        <test-method is-config="true" signature="configBM()[pri:0, instance:com.comcast.crm.orgtest.CreateOrgTest@7c137fd5]" started-at="2024-05-23T09:54:59 IST" name="configBM" finished-at="2024-05-23T09:55:06 IST" duration-ms="6320" status="PASS">
          <reporter-output>
            <line>
              <![CDATA[Login to App]]>
            </line>
          </reporter-output>
        </test-method> <!-- configBM -->
        <test-method signature="createOrg()[pri:0, instance:com.comcast.crm.orgtest.CreateOrgTest@7c137fd5]" started-at="2024-05-23T09:55:06 IST" name="createOrg" finished-at="2024-05-23T09:55:26 IST" duration-ms="20433" status="FAIL">
          <exception class="java.lang.AssertionError">
            <message>
              <![CDATA[expected [FF] but found [FF_1969]]]>
            </message>
            <full-stacktrace>
              <![CDATA[java.lang.AssertionError: expected [FF] but found [FF_1969]
at org.testng.Assert.fail(Assert.java:111)
at org.testng.Assert.failNotEquals(Assert.java:1578)
at org.testng.Assert.assertEqualsImpl(Assert.java:150)
at org.testng.Assert.assertEquals(Assert.java:132)
at org.testng.Assert.assertEquals(Assert.java:656)
at org.testng.Assert.assertEquals(Assert.java:666)
at com.comcast.crm.orgtest.CreateOrgTest.createOrg(CreateOrgTest.java:44)
at java.base/jdk.internal.reflect.NativeMethodAccessorImpl.invoke0(Native Method)
at java.base/jdk.internal.reflect.NativeMethodAccessorImpl.invoke(NativeMethodAccessorImpl.java:77)
at java.base/jdk.internal.reflect.DelegatingMethodAccessorImpl.invoke(DelegatingMethodAccessorImpl.java:43)
at java.base/java.lang.reflect.Method.invoke(Method.java:568)
at org.testng.internal.invokers.MethodInvocationHelper.invokeMethod(MethodInvocationHelper.java:139)
at org.testng.internal.invokers.TestInvoker.invokeMethod(TestInvoker.java:664)
at org.testng.internal.invokers.TestInvoker.invokeTestMethod(TestInvoker.java:228)
at org.testng.internal.invokers.MethodRunner.runInSequence(MethodRunner.java:63)
at org.testng.internal.invokers.TestInvoker$MethodInvocationAgent.invoke(TestInvoker.java:961)
at org.testng.internal.invokers.TestInvoker.invokeTestMethods(TestInvoker.java:201)
at org.testng.internal.invokers.TestMethodWorker.invokeTestMethods(TestMethodWorker.java:148)
at org.testng.internal.invokers.TestMethodWorker.run(TestMethodWorker.java:128)
at java.base/java.util.ArrayList.forEach(ArrayList.java:1511)
at org.testng.TestRunner.privateRun(TestRunner.java:819)
at org.testng.TestRunner.run(TestRunner.java:619)
at org.testng.SuiteRunner.runTest(SuiteRunner.java:443)
at org.testng.SuiteRunner$SuiteWorker.run(SuiteRunner.java:481)
at org.testng.internal.thread.ThreadUtil.lambda$execute$0(ThreadUtil.java:58)
at java.base/java.util.concurrent.FutureTask.run(FutureTask.java:264)
at java.base/java.util.concurrent.ThreadPoolExecutor.runWorker(ThreadPoolExecutor.java:1136)
at java.base/java.util.concurrent.ThreadPoolExecutor$Worker.run(ThreadPoolExecutor.java:635)
at java.base/java.lang.Thread.run(Thread.java:833)
]]>
            </full-stacktrace>
          </exception> <!-- java.lang.AssertionError -->
          <reporter-output>
          </reporter-output>
        </test-method> <!-- createOrg -->
        <test-method is-config="true" signature="configAM()[pri:0, instance:com.comcast.crm.orgtest.CreateOrgTest@7c137fd5]" started-at="2024-05-23T09:55:26 IST" name="configAM" finished-at="2024-05-23T09:55:29 IST" duration-ms="2668" status="PASS">
          <reporter-output>
            <line>
              <![CDATA[Logout from app]]>
            </line>
          </reporter-output>
        </test-method> <!-- configAM -->
        <test-method is-config="true" signature="configAC()[pri:0, instance:com.comcast.crm.orgtest.CreateOrgTest@7c137fd5]" started-at="2024-05-23T09:55:29 IST" name="configAC" finished-at="2024-05-23T09:55:29 IST" duration-ms="418" status="PASS">
          <reporter-output>
            <line>
              <![CDATA[Close Browser]]>
            </line>
          </reporter-output>
        </test-method> <!-- configAC -->
        <test-method is-config="true" signature="configAS()[pri:0, instance:com.comcast.crm.orgtest.CreateOrgTest@7c137fd5]" started-at="2024-05-23T09:55:29 IST" name="configAS" finished-at="2024-05-23T09:55:29 IST" duration-ms="15" status="PASS">
          <reporter-output>
            <line>
              <![CDATA[Close DB connection]]>
            </line>
          </reporter-output>
        </test-method> <!-- configAS -->
      </class> <!-- com.comcast.crm.orgtest.CreateOrgTest -->
    </test> <!-- TestRunner -> 2 -->
  </suite> <!-- Suite -->
</testng-results>
